D:\CNTT\LAPTRINHC\DEMO\DEMO\DEBUG\VC110.PDB
D:\CNTT\LAPTRINHC\DEMO\DEMO\DEBUG\SOURCE.OBJ
D:\CNTT\LAPTRINHC\DEMO\DEBUG\DEMO.ILK
D:\CNTT\LAPTRINHC\DEMO\DEBUG\DEMO.EXE
D:\CNTT\LAPTRINHC\DEMO\DEBUG\DEMO.PDB
D:\CNTT\LaptrinhC\Demo\Demo\Debug\Source.obj
D:\CNTT\LaptrinhC\Demo\Demo\Debug\cl.command.1.tlog
D:\CNTT\LaptrinhC\Demo\Demo\Debug\CL.read.1.tlog
D:\CNTT\LaptrinhC\Demo\Demo\Debug\CL.write.1.tlog
D:\CNTT\LaptrinhC\Demo\Demo\Debug\link-cvtres.read.1.tlog
D:\CNTT\LaptrinhC\Demo\Demo\Debug\link-cvtres.write.1.tlog
D:\CNTT\LaptrinhC\Demo\Demo\Debug\link-rc.read.1.tlog
D:\CNTT\LaptrinhC\Demo\Demo\Debug\link-rc.write.1.tlog
D:\CNTT\LaptrinhC\Demo\Demo\Debug\link.172-cvtres.read.1.tlog
D:\CNTT\LaptrinhC\Demo\Demo\Debug\link.172-cvtres.write.1.tlog
D:\CNTT\LaptrinhC\Demo\Demo\Debug\link.172-rc.read.1.tlog
D:\CNTT\LaptrinhC\Demo\Demo\Debug\link.172-rc.write.1.tlog
D:\CNTT\LaptrinhC\Demo\Demo\Debug\link.172.read.1.tlog
D:\CNTT\LaptrinhC\Demo\Demo\Debug\link.172.write.1.tlog
D:\CNTT\LaptrinhC\Demo\Demo\Debug\link.2136-cvtres.read.1.tlog
D:\CNTT\LaptrinhC\Demo\Demo\Debug\link.2136-cvtres.write.1.tlog
D:\CNTT\LaptrinhC\Demo\Demo\Debug\link.2136-rc.read.1.tlog
D:\CNTT\LaptrinhC\Demo\Demo\Debug\link.2136-rc.write.1.tlog
D:\CNTT\LaptrinhC\Demo\Demo\Debug\link.2136.read.1.tlog
D:\CNTT\LaptrinhC\Demo\Demo\Debug\link.2136.write.1.tlog
D:\CNTT\LaptrinhC\Demo\Demo\Debug\link.3832-cvtres.read.1.tlog
D:\CNTT\LaptrinhC\Demo\Demo\Debug\link.3832-cvtres.write.1.tlog
D:\CNTT\LaptrinhC\Demo\Demo\Debug\link.3832-rc.read.1.tlog
D:\CNTT\LaptrinhC\Demo\Demo\Debug\link.3832-rc.write.1.tlog
D:\CNTT\LaptrinhC\Demo\Demo\Debug\link.3832.read.1.tlog
D:\CNTT\LaptrinhC\Demo\Demo\Debug\link.3832.write.1.tlog
D:\CNTT\LaptrinhC\Demo\Demo\Debug\link.4996-cvtres.read.1.tlog
D:\CNTT\LaptrinhC\Demo\Demo\Debug\link.4996-cvtres.write.1.tlog
D:\CNTT\LaptrinhC\Demo\Demo\Debug\link.4996-rc.read.1.tlog
D:\CNTT\LaptrinhC\Demo\Demo\Debug\link.4996-rc.write.1.tlog
D:\CNTT\LaptrinhC\Demo\Demo\Debug\link.4996.read.1.tlog
D:\CNTT\LaptrinhC\Demo\Demo\Debug\link.4996.write.1.tlog
D:\CNTT\LaptrinhC\Demo\Demo\Debug\link.5388-cvtres.read.1.tlog
D:\CNTT\LaptrinhC\Demo\Demo\Debug\link.5388-cvtres.write.1.tlog
D:\CNTT\LaptrinhC\Demo\Demo\Debug\link.5388-rc.read.1.tlog
D:\CNTT\LaptrinhC\Demo\Demo\Debug\link.5388-rc.write.1.tlog
D:\CNTT\LaptrinhC\Demo\Demo\Debug\link.5388.read.1.tlog
D:\CNTT\LaptrinhC\Demo\Demo\Debug\link.5388.write.1.tlog
D:\CNTT\LaptrinhC\Demo\Demo\Debug\link.command.1.tlog
D:\CNTT\LaptrinhC\Demo\Demo\Debug\link.read.1.tlog
D:\CNTT\LaptrinhC\Demo\Demo\Debug\link.write.1.tlog
D:\CNTT\LaptrinhC\Demo\Demo\Debug\vc110.idb
D:\CNTT\LaptrinhC\Demo\Demo\Debug\vc110.pdb
D:\CNTT\LaptrinhC\Demo\Debug\Demo.pdb
D:\CNTT\LaptrinhC\Demo\Debug\Demo.exe
D:\CNTT\LaptrinhC\Demo\Debug\Demo.ilk
