d:\cntt\laptrinhc\structsv\demo\debug\vc110.pdb
d:\cntt\laptrinhc\structsv\debug\structsv.ilk
d:\cntt\laptrinhc\structsv\debug\structsv.exe
d:\cntt\laptrinhc\structsv\debug\structsv.pdb
d:\cntt\laptrinhc\structsv\demo\debug\thuvienstruct.obj
d:\cntt\laptrinhc\structsv\demo\debug\cl.command.1.tlog
d:\cntt\laptrinhc\structsv\demo\debug\cl.read.1.tlog
d:\cntt\laptrinhc\structsv\demo\debug\cl.write.1.tlog
d:\cntt\laptrinhc\structsv\demo\debug\link-cvtres.read.1.tlog
d:\cntt\laptrinhc\structsv\demo\debug\link-cvtres.write.1.tlog
d:\cntt\laptrinhc\structsv\demo\debug\link-rc.read.1.tlog
d:\cntt\laptrinhc\structsv\demo\debug\link-rc.write.1.tlog
d:\cntt\laptrinhc\structsv\demo\debug\link.command.1.tlog
d:\cntt\laptrinhc\structsv\demo\debug\link.read.1.tlog
d:\cntt\laptrinhc\structsv\demo\debug\link.write.1.tlog
d:\cntt\laptrinhc\structsv\demo\debug\vc110.idb
d:\cntt\laptrinhc\structsv\demo\debug\vc141.idb
d:\cntt\laptrinhc\structsv\demo\debug\vc141.pdb
d:\cntt\laptrinhc\structsv\demo\debug\structsv.tlog\cl.command.1.tlog
d:\cntt\laptrinhc\structsv\demo\debug\structsv.tlog\link.command.1.tlog
d:\cntt\laptrinhc\structsv\demo\debug\structsv.tlog\link.delete.1.tlog
d:\cntt\laptrinhc\structsv\demo\debug\structsv.tlog\link.read.1.tlog
d:\cntt\laptrinhc\structsv\demo\debug\structsv.tlog\link.write.1.tlog
